<?xml version="1.0" encoding="UTF-8" standalone="no"?>
<testsuite failures="0" name="cucumber.runtime.formatter.JUnitFormatter" skipped="0" tests="18" time="0.276014">
<testcase classname="Free CRM application testing" name="Login with correct username and correct password" time="0.238599">
<system-out><![CDATA[Given This is a valid login test............................................passed
]]></system-out>
</testcase>
<testcase classname="Free CRM application testing" name="Login with incorrect username and correct password" time="0.002458">
<system-out><![CDATA[Given This is a invalid login test..........................................passed
]]></system-out>
</testcase>
<testcase classname="Free CRM application testing" name="Create a contact" time="0.001723">
<system-out><![CDATA[Given This is a contact test case...........................................passed
]]></system-out>
</testcase>
<testcase classname="Free CRM application testing" name="Create a deal" time="0.001413">
<system-out><![CDATA[Given This is a deal test case..............................................passed
]]></system-out>
</testcase>
<testcase classname="Free CRM application testing" name="Create a tasks" time="0.002591">
<system-out><![CDATA[Given This is a tasks test case.............................................passed
]]></system-out>
</testcase>
<testcase classname="Free CRM application testing" name="Create a case" time="0.001138">
<system-out><![CDATA[Given This is a case test case..............................................passed
]]></system-out>
</testcase>
<testcase classname="Free CRM application testing" name="Verify left panel links" time="0.003925">
<system-out><![CDATA[Given clicking on left panel links..........................................passed
]]></system-out>
</testcase>
<testcase classname="Free CRM application testing" name="Search a deal" time="0.005644">
<system-out><![CDATA[Given This is a search deal test............................................passed
]]></system-out>
</testcase>
<testcase classname="Free CRM application testing" name="Search a contact" time="0.002845">
<system-out><![CDATA[Given This is a search contact test.........................................passed
]]></system-out>
</testcase>
<testcase classname="Free CRM application testing" name="Search a case" time="0.001048">
<system-out><![CDATA[Given This is a search case test............................................passed
]]></system-out>
</testcase>
<testcase classname="Free CRM application testing" name="Search a task" time="0.002001">
<system-out><![CDATA[Given This is a search task test............................................passed
]]></system-out>
</testcase>
<testcase classname="Free CRM application testing" name="Search a call" time="0.002254">
<system-out><![CDATA[Given This is a search call test............................................passed
]]></system-out>
</testcase>
<testcase classname="Free CRM application testing" name="Search an email" time="0.00164">
<system-out><![CDATA[Given This is a search email test...........................................passed
]]></system-out>
</testcase>
<testcase classname="Free CRM application testing" name="Search a docs" time="0.000606">
<system-out><![CDATA[Given This is a search docs test............................................passed
]]></system-out>
</testcase>
<testcase classname="Free CRM application testing" name="Search a forms" time="0.00065">
<system-out><![CDATA[Given This is a search forms test...........................................passed
]]></system-out>
</testcase>
<testcase classname="Free CRM application testing" name="validate a report" time="0.006143">
<system-out><![CDATA[Given This is a report test.................................................passed
]]></system-out>
</testcase>
<testcase classname="Free CRM application testing" name="Application Logout" time="0.000916">
<system-out><![CDATA[Given This is a logout test.................................................passed
]]></system-out>
</testcase>
<testcase classname="Free CRM application testing" name="browser closed" time="0.00042">
<system-out><![CDATA[Given This is a close broswer test..........................................passed
]]></system-out>
</testcase>
</testsuite>
